2022-07-31_14-12-51 [restartedMain] INFO  c.p.p.d.PensionerDetailMicroserviceApplication - Starting PensionerDetailMicroserviceApplication using Java 17.0.3 on LTIN310968 with PID 4996 (C:\Users\912809\OneDrive - Cognizant\Documents\FSE0 Documents\Pensionmanagement\pension-management-system-1\pms-PensionerDetail-Microservice\target\classes started by 912809 in C:\Users\912809\OneDrive - Cognizant\Documents\FSE0 Documents\Pensionmanagement\pension-management-system-1\pms-PensionerDetail-Microservice)
2022-07-31_14-12-51 [restartedMain] INFO  c.p.p.d.PensionerDetailMicroserviceApplication - No active profile set, falling back to default profiles: default
2022-07-31_14-12-51 [restartedMain] INFO  o.s.b.d.e.DevToolsPropertyDefaultsPostProcessor - Devtools property defaults active! Set 'spring.devtools.add-properties' to 'false' to disable
2022-07-31_14-12-51 [restartedMain] INFO  o.s.b.d.e.DevToolsPropertyDefaultsPostProcessor - For additional web related logging consider setting the 'logging.level.web' property to 'DEBUG'
2022-07-31_14-12-51 [restartedMain] INFO  o.s.d.r.c.RepositoryConfigurationDelegate - Bootstrapping Spring Data JPA repositories in DEFAULT mode.
2022-07-31_14-12-51 [restartedMain] INFO  o.s.d.r.c.RepositoryConfigurationDelegate - Finished Spring Data repository scanning in 77 ms. Found 1 JPA repository interfaces.
2022-07-31_14-12-51 [restartedMain] INFO  o.s.cloud.context.scope.GenericScope - BeanFactory id=f1d60193-fdd7-3d9b-95d0-df294fced4f6
2022-07-31_14-12-51 [restartedMain] INFO  o.s.c.s.PostProcessorRegistrationDelegate$BeanPostProcessorChecker - Bean 'com.pms.pensioner.detail.feignclient.AuthorisingClient' of type [org.springframework.cloud.openfeign.FeignClientFactoryBean] is not eligible for getting processed by all BeanPostProcessors (for example: not eligible for auto-proxying)
2022-07-31_14-12-51 [restartedMain] INFO  o.s.b.w.e.tomcat.TomcatWebServer - Tomcat initialized with port(s): 8200 (http)
2022-07-31_14-12-51 [restartedMain] INFO  o.a.coyote.http11.Http11NioProtocol - Initializing ProtocolHandler ["http-nio-8200"]
2022-07-31_14-12-51 [restartedMain] INFO  o.a.catalina.core.StandardService - Starting service [Tomcat]
2022-07-31_14-12-51 [restartedMain] INFO  o.a.catalina.core.StandardEngine - Starting Servlet engine: [Apache Tomcat/9.0.41]
2022-07-31_14-12-51 [restartedMain] INFO  o.a.c.c.C.[.[localhost].[/pensioner] - Initializing Spring embedded WebApplicationContext
2022-07-31_14-12-51 [restartedMain] INFO  o.s.b.w.s.c.ServletWebServerApplicationContext - Root WebApplicationContext: initialization completed in 3479 ms
2022-07-31_14-12-51 [restartedMain] INFO  com.zaxxer.hikari.HikariDataSource - HikariPool-1 - Starting...
2022-07-31_14-12-51 [restartedMain] INFO  com.zaxxer.hikari.HikariDataSource - HikariPool-1 - Start completed.
2022-07-31_14-12-51 [restartedMain] INFO  o.s.b.a.h.H2ConsoleAutoConfiguration - H2 console available at '/db'. Database available at 'jdbc:h2:mem:ipms_db'
2022-07-31_14-12-51 [restartedMain] INFO  o.s.o.j.LocalContainerEntityManagerFactoryBean - Initialized JPA EntityManagerFactory for persistence unit 'default'
2022-07-31_14-12-51 [restartedMain] INFO  o.s.b.d.a.OptionalLiveReloadServer - LiveReload server is running on port 35729
2022-07-31_14-12-51 [restartedMain] INFO  o.s.s.c.ThreadPoolTaskExecutor - Initializing ExecutorService 'applicationTaskExecutor'
2022-07-31_14-12-51 [restartedMain] INFO  o.s.b.a.e.web.EndpointLinksResolver - Exposing 2 endpoint(s) beneath base path '/actuator'
2022-07-31_14-12-51 [restartedMain] INFO  o.a.coyote.http11.Http11NioProtocol - Starting ProtocolHandler ["http-nio-8200"]
2022-07-31_14-12-51 [restartedMain] INFO  o.s.b.w.e.tomcat.TomcatWebServer - Tomcat started on port(s): 8200 (http) with context path '/pensioner'
2022-07-31_14-12-51 [restartedMain] INFO  c.p.p.d.PensionerDetailMicroserviceApplication - Started PensionerDetailMicroserviceApplication in 8.522 seconds (JVM running for 9.424)
2022-07-31_21-42-19 [restartedMain] INFO  c.p.p.d.PensionerDetailMicroserviceApplication - Starting PensionerDetailMicroserviceApplication using Java 17.0.3 on LTIN310968 with PID 25728 (C:\Users\912809\OneDrive - Cognizant\Documents\FSE0 Documents\Pensionmanagement\pension-management-system-1\pms-PensionerDetail-Microservice\target\classes started by 912809 in C:\Users\912809\OneDrive - Cognizant\Documents\FSE0 Documents\Pensionmanagement\pension-management-system-1\pms-PensionerDetail-Microservice)
2022-07-31_21-42-19 [restartedMain] INFO  c.p.p.d.PensionerDetailMicroserviceApplication - No active profile set, falling back to default profiles: default
2022-07-31_21-42-19 [restartedMain] INFO  o.s.b.d.e.DevToolsPropertyDefaultsPostProcessor - Devtools property defaults active! Set 'spring.devtools.add-properties' to 'false' to disable
2022-07-31_21-42-19 [restartedMain] INFO  o.s.b.d.e.DevToolsPropertyDefaultsPostProcessor - For additional web related logging consider setting the 'logging.level.web' property to 'DEBUG'
2022-07-31_21-42-19 [restartedMain] INFO  o.s.d.r.c.RepositoryConfigurationDelegate - Bootstrapping Spring Data JPA repositories in DEFAULT mode.
2022-07-31_21-42-19 [restartedMain] INFO  o.s.d.r.c.RepositoryConfigurationDelegate - Finished Spring Data repository scanning in 103 ms. Found 1 JPA repository interfaces.
2022-07-31_21-42-19 [restartedMain] INFO  o.s.cloud.context.scope.GenericScope - BeanFactory id=f1d60193-fdd7-3d9b-95d0-df294fced4f6
2022-07-31_21-42-19 [restartedMain] INFO  o.s.c.s.PostProcessorRegistrationDelegate$BeanPostProcessorChecker - Bean 'com.pms.pensioner.detail.feignclient.AuthorisingClient' of type [org.springframework.cloud.openfeign.FeignClientFactoryBean] is not eligible for getting processed by all BeanPostProcessors (for example: not eligible for auto-proxying)
2022-07-31_21-42-19 [restartedMain] INFO  o.s.b.w.e.tomcat.TomcatWebServer - Tomcat initialized with port(s): 8200 (http)
2022-07-31_21-42-19 [restartedMain] INFO  o.a.coyote.http11.Http11NioProtocol - Initializing ProtocolHandler ["http-nio-8200"]
2022-07-31_21-42-19 [restartedMain] INFO  o.a.catalina.core.StandardService - Starting service [Tomcat]
2022-07-31_21-42-19 [restartedMain] INFO  o.a.catalina.core.StandardEngine - Starting Servlet engine: [Apache Tomcat/9.0.41]
2022-07-31_21-42-19 [restartedMain] INFO  o.a.c.c.C.[.[localhost].[/pensioner] - Initializing Spring embedded WebApplicationContext
2022-07-31_21-42-19 [restartedMain] INFO  o.s.b.w.s.c.ServletWebServerApplicationContext - Root WebApplicationContext: initialization completed in 3476 ms
2022-07-31_21-42-19 [restartedMain] INFO  com.zaxxer.hikari.HikariDataSource - HikariPool-1 - Starting...
2022-07-31_21-42-19 [restartedMain] INFO  com.zaxxer.hikari.HikariDataSource - HikariPool-1 - Start completed.
2022-07-31_21-42-19 [restartedMain] INFO  o.s.b.a.h.H2ConsoleAutoConfiguration - H2 console available at '/db'. Database available at 'jdbc:h2:mem:ipms_db'
2022-07-31_21-42-19 [restartedMain] INFO  o.s.o.j.LocalContainerEntityManagerFactoryBean - Initialized JPA EntityManagerFactory for persistence unit 'default'
2022-07-31_21-42-19 [restartedMain] INFO  o.s.s.c.ThreadPoolTaskExecutor - Initializing ExecutorService 'applicationTaskExecutor'
2022-07-31_21-42-19 [restartedMain] INFO  o.s.b.a.e.web.EndpointLinksResolver - Exposing 2 endpoint(s) beneath base path '/actuator'
2022-07-31_21-42-19 [restartedMain] INFO  o.a.coyote.http11.Http11NioProtocol - Starting ProtocolHandler ["http-nio-8200"]
2022-07-31_21-42-19 [restartedMain] INFO  o.s.b.w.e.tomcat.TomcatWebServer - Tomcat started on port(s): 8200 (http) with context path '/pensioner'
2022-07-31_21-42-19 [restartedMain] INFO  c.p.p.d.PensionerDetailMicroserviceApplication - Started PensionerDetailMicroserviceApplication in 8.698 seconds (JVM running for 9.779)
2022-07-31_21-42-19 [http-nio-8200-exec-1] INFO  o.a.c.c.C.[.[localhost].[/pensioner] - Initializing Spring DispatcherServlet 'dispatcherServlet'
2022-07-31_21-42-19 [http-nio-8200-exec-1] INFO  o.s.web.servlet.DispatcherServlet - Initializing Servlet 'dispatcherServlet'
2022-07-31_21-42-19 [http-nio-8200-exec-1] INFO  o.s.web.servlet.DispatcherServlet - Completed initialization in 2 ms
